# JRE version: OpenJDK Runtime Environment Temurin-17.0.8.1+1 (17.0.8.1+1) (build 17.0.8.1+1)
# Java VM: OpenJDK 64-Bit Server VM Temurin-17.0.8.1+1 (17.0.8.1+1, mixed mode, tiered, compressed oops, compressed class ptrs, parallel gc, linux-amd64)
GC Precious Log:
 CPUs: 8 total, 8 available
 Memory: 9837M
 Large Page Support: Disabled
 NUMA Support: Disabled
 Compressed Oops: Enabled (32-bit)
 Alignments: Space 512K, Generation 512K, Heap 2M
 Heap Min Capacity: 100M
 Heap Initial Capacity: 100M
 Heap Max Capacity: 1G
 Pre-touch: Disabled
 Parallel Workers: 8
Heap:
 PSYoungGen      total 6144K, used 1389K [0x00000000eab00000, 0x00000000eb480000, 0x0000000100000000)
  eden space 5632K, 17% used [0x00000000eab00000,0x00000000eabf3688,0x00000000eb080000)
  from space 512K, 81% used [0x00000000eb400000,0x00000000eb468000,0x00000000eb480000)
  to   space 512K, 0% used [0x00000000eb380000,0x00000000eb380000,0x00000000eb400000)
 ParOldGen       total 136704K, used 133794K [0x00000000c0000000, 0x00000000c8580000, 0x00000000eab00000)
  object space 136704K, 97% used [0x00000000c0000000,0x00000000c82a88b8,0x00000000c8580000)
 Metaspace       used 76370K, committed 77568K, reserved 1179648K
  class space    used 8200K, committed 8704K, reserved 1048576K
GC Heap History (20 events):
Event: 216.923 GC heap before
{Heap before GC invocations=77 (full 6):
 PSYoungGen      total 4608K, used 4590K [0x00000000eab00000, 0x00000000eb500000, 0x0000000100000000)
  eden space 4096K, 100% used [0x00000000eab00000,0x00000000eaf00000,0x00000000eaf00000)
  from space 512K, 96% used [0x00000000eb480000,0x00000000eb4fbb00,0x00000000eb500000)
  to   space 2048K, 0% used [0x00000000eb100000,0x00000000eb100000,0x00000000eb300000)
 ParOldGen       total 136704K, used 118407K [0x00000000c0000000, 0x00000000c8580000, 0x00000000eab00000)
  object space 136704K, 86% used [0x00000000c0000000,0x00000000c73a1cb8,0x00000000c8580000)
 Metaspace       used 75861K, committed 77120K, reserved 1179648K
  class space    used 8162K, committed 8704K, reserved 1048576K
}
Event: 216.932 GC heap after
{Heap after GC invocations=77 (full 6):
 PSYoungGen      total 6144K, used 2048K [0x00000000eab00000, 0x00000000eba00000, 0x0000000100000000)
  eden space 4096K, 0% used [0x00000000eab00000,0x00000000eab00000,0x00000000eaf00000)
  from space 2048K, 100% used [0x00000000eb100000,0x00000000eb300000,0x00000000eb300000)
  to   space 5632K, 0% used [0x00000000eb480000,0x00000000eb480000,0x00000000eba00000)
 ParOldGen       total 136704K, used 120976K [0x00000000c0000000, 0x00000000c8580000, 0x00000000eab00000)
  object space 136704K, 88% used [0x00000000c0000000,0x00000000c76240b8,0x00000000c8580000)
 Metaspace       used 75861K, committed 77120K, reserved 1179648K
  class space    used 8162K, committed 8704K, reserved 1048576K
}
Event: 216.941 GC heap before
{Heap before GC invocations=78 (full 6):
 PSYoungGen      total 6144K, used 6144K [0x00000000eab00000, 0x00000000eba00000, 0x0000000100000000)
  eden space 4096K, 100% used [0x00000000eab00000,0x00000000eaf00000,0x00000000eaf00000)
  from space 2048K, 100% used [0x00000000eb100000,0x00000000eb300000,0x00000000eb300000)
  to   space 5632K, 0% used [0x00000000eb480000,0x00000000eb480000,0x00000000eba00000)
 ParOldGen       total 136704K, used 120976K [0x00000000c0000000, 0x00000000c8580000, 0x00000000eab00000)
  object space 136704K, 88% used [0x00000000c0000000,0x00000000c76240b8,0x00000000c8580000)
 Metaspace       used 75869K, committed 77120K, reserved 1179648K
  class space    used 8162K, committed 8704K, reserved 1048576K
}
Event: 216.962 GC heap after
{Heap after GC invocations=78 (full 6):
 PSYoungGen      total 9728K, used 4026K [0x00000000eab00000, 0x00000000eb900000, 0x0000000100000000)
  eden space 5120K, 0% used [0x00000000eab00000,0x00000000eab00000,0x00000000eb000000)
  from space 4608K, 87% used [0x00000000eb480000,0x00000000eb86ebf0,0x00000000eb900000)
  to   space 4608K, 0% used [0x00000000eb000000,0x00000000eb000000,0x00000000eb480000)
 ParOldGen       total 136704K, used 123080K [0x00000000c0000000, 0x00000000c8580000, 0x00000000eab00000)
  object space 136704K, 90% used [0x00000000c0000000,0x00000000c78320b8,0x00000000c8580000)
 Metaspace       used 75869K, committed 77120K, reserved 1179648K
  class space    used 8162K, committed 8704K, reserved 1048576K
}
Event: 216.979 GC heap before
{Heap before GC invocations=79 (full 6):
 PSYoungGen      total 9728K, used 9146K [0x00000000eab00000, 0x00000000eb900000, 0x0000000100000000)
  eden space 5120K, 100% used [0x00000000eab00000,0x00000000eb000000,0x00000000eb000000)
  from space 4608K, 87% used [0x00000000eb480000,0x00000000eb86ebf0,0x00000000eb900000)
  to   space 4608K, 0% used [0x00000000eb000000,0x00000000eb000000,0x00000000eb480000)
 ParOldGen       total 136704K, used 123080K [0x00000000c0000000, 0x00000000c8580000, 0x00000000eab00000)
  object space 136704K, 90% used [0x00000000c0000000,0x00000000c78320b8,0x00000000c8580000)
 Metaspace       used 75877K, committed 77120K, reserved 1179648K
  class space    used 8163K, committed 8704K, reserved 1048576K
}
Event: 216.982 GC heap after
{Heap after GC invocations=79 (full 6):
 PSYoungGen      total 5632K, used 448K [0x00000000eab00000, 0x00000000eb500000, 0x0000000100000000)
  eden space 5120K, 0% used [0x00000000eab00000,0x00000000eab00000,0x00000000eb000000)
  from space 512K, 87% used [0x00000000eb000000,0x00000000eb070000,0x00000000eb080000)
  to   space 2048K, 0% used [0x00000000eb300000,0x00000000eb300000,0x00000000eb500000)
 ParOldGen       total 136704K, used 124584K [0x00000000c0000000, 0x00000000c8580000, 0x00000000eab00000)
  object space 136704K, 91% used [0x00000000c0000000,0x00000000c79aa0b8,0x00000000c8580000)
 Metaspace       used 75877K, committed 77120K, reserved 1179648K
  class space    used 8163K, committed 8704K, reserved 1048576K
}
Event: 217.022 GC heap before
{Heap before GC invocations=80 (full 6):
 PSYoungGen      total 5632K, used 5568K [0x00000000eab00000, 0x00000000eb500000, 0x0000000100000000)
  eden space 5120K, 100% used [0x00000000eab00000,0x00000000eb000000,0x00000000eb000000)
  from space 512K, 87% used [0x00000000eb000000,0x00000000eb070000,0x00000000eb080000)
  to   space 2048K, 0% used [0x00000000eb300000,0x00000000eb300000,0x00000000eb500000)
 ParOldGen       total 136704K, used 124584K [0x00000000c0000000, 0x00000000c8580000, 0x00000000eab00000)
  object space 136704K, 91% used [0x00000000c0000000,0x00000000c79aa0b8,0x00000000c8580000)
 Metaspace       used 75909K, committed 77184K, reserved 1179648K
  class space    used 8163K, committed 8704K, reserved 1048576K
}
Event: 217.028 GC heap after
{Heap after GC invocations=80 (full 6):
 PSYoungGen      total 7168K, used 644K [0x00000000eab00000, 0x00000000eb400000, 0x0000000100000000)
  eden space 6144K, 0% used [0x00000000eab00000,0x00000000eab00000,0x00000000eb100000)
  from space 1024K, 62% used [0x00000000eb300000,0x00000000eb3a1210,0x00000000eb400000)
  to   space 1024K, 0% used [0x00000000eb200000,0x00000000eb200000,0x00000000eb300000)
 ParOldGen       total 136704K, used 124908K [0x00000000c0000000, 0x00000000c8580000, 0x00000000eab00000)
  object space 136704K, 91% used [0x00000000c0000000,0x00000000c79fb2b8,0x00000000c8580000)
 Metaspace       used 75909K, committed 77184K, reserved 1179648K
  class space    used 8163K, committed 8704K, reserved 1048576K
}
Event: 217.552 GC heap before
{Heap before GC invocations=81 (full 6):
 PSYoungGen      total 7168K, used 6788K [0x00000000eab00000, 0x00000000eb400000, 0x0000000100000000)
  eden space 6144K, 100% used [0x00000000eab00000,0x00000000eb100000,0x00000000eb100000)
  from space 1024K, 62% used [0x00000000eb300000,0x00000000eb3a1210,0x00000000eb400000)
  to   space 1024K, 0% used [0x00000000eb200000,0x00000000eb200000,0x00000000eb300000)
 ParOldGen       total 136704K, used 124908K [0x00000000c0000000, 0x00000000c8580000, 0x00000000eab00000)
  object space 136704K, 91% used [0x00000000c0000000,0x00000000c79fb2b8,0x00000000c8580000)
 Metaspace       used 75917K, committed 77184K, reserved 1179648K
  class space    used 8163K, committed 8704K, reserved 1048576K
}
Event: 217.560 GC heap after
{Heap after GC invocations=81 (full 6):
 PSYoungGen      total 7168K, used 1006K [0x00000000eab00000, 0x00000000ebd00000, 0x0000000100000000)
  eden space 6144K, 0% used [0x00000000eab00000,0x00000000eab00000,0x00000000eb100000)
  from space 1024K, 98% used [0x00000000eb200000,0x00000000eb2fbb80,0x00000000eb300000)
  to   space 6144K, 0% used [0x00000000eb700000,0x00000000eb700000,0x00000000ebd00000)
 ParOldGen       total 136704K, used 129129K [0x00000000c0000000, 0x00000000c8580000, 0x00000000eab00000)
  object space 136704K, 94% used [0x00000000c0000000,0x00000000c7e1a4d8,0x00000000c8580000)
 Metaspace       used 75917K, committed 77184K, reserved 1179648K
  class space    used 8163K, committed 8704K, reserved 1048576K
}
Event: 217.571 GC heap before
{Heap before GC invocations=82 (full 6):
 PSYoungGen      total 7168K, used 7150K [0x00000000eab00000, 0x00000000ebd00000, 0x0000000100000000)
  eden space 6144K, 100% used [0x00000000eab00000,0x00000000eb100000,0x00000000eb100000)
  from space 1024K, 98% used [0x00000000eb200000,0x00000000eb2fbb80,0x00000000eb300000)
  to   space 6144K, 0% used [0x00000000eb700000,0x00000000eb700000,0x00000000ebd00000)
 ParOldGen       total 136704K, used 129129K [0x00000000c0000000, 0x00000000c8580000, 0x00000000eab00000)
  object space 136704K, 94% used [0x00000000c0000000,0x00000000c7e1a4d8,0x00000000c8580000)
 Metaspace       used 75924K, committed 77184K, reserved 1179648K
  class space    used 8163K, committed 8704K, reserved 1048576K
}
Event: 217.579 GC heap after
{Heap after GC invocations=82 (full 6):
 PSYoungGen      total 11776K, used 5978K [0x00000000eab00000, 0x00000000ebf00000, 0x0000000100000000)
  eden space 5632K, 0% used [0x00000000eab00000,0x00000000eab00000,0x00000000eb080000)
  from space 6144K, 97% used [0x00000000eb700000,0x00000000ebcd6bf0,0x00000000ebd00000)
  to   space 6656K, 0% used [0x00000000eb080000,0x00000000eb080000,0x00000000eb700000)
 ParOldGen       total 136704K, used 130162K [0x00000000c0000000, 0x00000000c8580000, 0x00000000eab00000)
  object space 136704K, 95% used [0x00000000c0000000,0x00000000c7f1c958,0x00000000c8580000)
 Metaspace       used 75924K, committed 77184K, reserved 1179648K
  class space    used 8163K, committed 8704K, reserved 1048576K
}
Event: 217.600 GC heap before
{Heap before GC invocations=83 (full 6):
 PSYoungGen      total 11776K, used 11610K [0x00000000eab00000, 0x00000000ebf00000, 0x0000000100000000)
  eden space 5632K, 100% used [0x00000000eab00000,0x00000000eb080000,0x00000000eb080000)
  from space 6144K, 97% used [0x00000000eb700000,0x00000000ebcd6bf0,0x00000000ebd00000)
  to   space 6656K, 0% used [0x00000000eb080000,0x00000000eb080000,0x00000000eb700000)
 ParOldGen       total 136704K, used 130162K [0x00000000c0000000, 0x00000000c8580000, 0x00000000eab00000)
  object space 136704K, 95% used [0x00000000c0000000,0x00000000c7f1c958,0x00000000c8580000)
 Metaspace       used 75937K, committed 77184K, reserved 1179648K
  class space    used 8163K, committed 8704K, reserved 1048576K
}
Event: 217.607 GC heap after
{Heap after GC invocations=83 (full 6):
 PSYoungGen      total 6656K, used 660K [0x00000000eab00000, 0x00000000eb780000, 0x0000000100000000)
  eden space 5632K, 0% used [0x00000000eab00000,0x00000000eab00000,0x00000000eb080000)
  from space 1024K, 64% used [0x00000000eb080000,0x00000000eb125200,0x00000000eb180000)
  to   space 3072K, 0% used [0x00000000eb480000,0x00000000eb480000,0x00000000eb780000)
 ParOldGen       total 136704K, used 132098K [0x00000000c0000000, 0x00000000c8580000, 0x00000000eab00000)
  object space 136704K, 96% used [0x00000000c0000000,0x00000000c8100958,0x00000000c8580000)
 Metaspace       used 75937K, committed 77184K, reserved 1179648K
  class space    used 8163K, committed 8704K, reserved 1048576K
}
Event: 218.548 GC heap before
{Heap before GC invocations=84 (full 6):
 PSYoungGen      total 6656K, used 6292K [0x00000000eab00000, 0x00000000eb780000, 0x0000000100000000)
  eden space 5632K, 99% used [0x00000000eab00000,0x00000000eb07fff0,0x00000000eb080000)
  from space 1024K, 64% used [0x00000000eb080000,0x00000000eb125200,0x00000000eb180000)
  to   space 3072K, 0% used [0x00000000eb480000,0x00000000eb480000,0x00000000eb780000)
 ParOldGen       total 136704K, used 132098K [0x00000000c0000000, 0x00000000c8580000, 0x00000000eab00000)
  object space 136704K, 96% used [0x00000000c0000000,0x00000000c8100958,0x00000000c8580000)
 Metaspace       used 76002K, committed 77248K, reserved 1179648K
  class space    used 8164K, committed 8704K, reserved 1048576K
}
Event: 218.558 GC heap after
{Heap after GC invocations=84 (full 6):
 PSYoungGen      total 6656K, used 1001K [0x00000000eab00000, 0x00000000eb580000, 0x0000000100000000)
  eden space 5632K, 0% used [0x00000000eab00000,0x00000000eab00000,0x00000000eb080000)
  from space 1024K, 97% used [0x00000000eb480000,0x00000000eb57a400,0x00000000eb580000)
  to   space 1536K, 0% used [0x00000000eb280000,0x00000000eb280000,0x00000000eb400000)
 ParOldGen       total 136704K, used 132486K [0x00000000c0000000, 0x00000000c8580000, 0x00000000eab00000)
  object space 136704K, 96% used [0x00000000c0000000,0x00000000c8161b58,0x00000000c8580000)
 Metaspace       used 76002K, committed 77248K, reserved 1179648K
  class space    used 8164K, committed 8704K, reserved 1048576K
}
Event: 218.671 GC heap before
{Heap before GC invocations=85 (full 6):
 PSYoungGen      total 6656K, used 6633K [0x00000000eab00000, 0x00000000eb580000, 0x0000000100000000)
  eden space 5632K, 100% used [0x00000000eab00000,0x00000000eb080000,0x00000000eb080000)
  from space 1024K, 97% used [0x00000000eb480000,0x00000000eb57a400,0x00000000eb580000)
  to   space 1536K, 0% used [0x00000000eb280000,0x00000000eb280000,0x00000000eb400000)
 ParOldGen       total 136704K, used 132486K [0x00000000c0000000, 0x00000000c8580000, 0x00000000eab00000)
  object space 136704K, 96% used [0x00000000c0000000,0x00000000c8161b58,0x00000000c8580000)
 Metaspace       used 76027K, committed 77248K, reserved 1179648K
  class space    used 8164K, committed 8704K, reserved 1048576K
}
Event: 218.696 GC heap after
{Heap after GC invocations=85 (full 6):
 PSYoungGen      total 7168K, used 512K [0x00000000eab00000, 0x00000000eb500000, 0x0000000100000000)
  eden space 5632K, 0% used [0x00000000eab00000,0x00000000eab00000,0x00000000eb080000)
  from space 1536K, 33% used [0x00000000eb280000,0x00000000eb300000,0x00000000eb400000)
  to   space 1024K, 0% used [0x00000000eb400000,0x00000000eb400000,0x00000000eb500000)
 ParOldGen       total 136704K, used 133383K [0x00000000c0000000, 0x00000000c8580000, 0x00000000eab00000)
  object space 136704K, 97% used [0x00000000c0000000,0x00000000c8241f98,0x00000000c8580000)
 Metaspace       used 76027K, committed 77248K, reserved 1179648K
  class space    used 8164K, committed 8704K, reserved 1048576K
}
Event: 273.795 GC heap before
{Heap before GC invocations=86 (full 6):
 PSYoungGen      total 7168K, used 6144K [0x00000000eab00000, 0x00000000eb500000, 0x0000000100000000)
  eden space 5632K, 100% used [0x00000000eab00000,0x00000000eb080000,0x00000000eb080000)
  from space 1536K, 33% used [0x00000000eb280000,0x00000000eb300000,0x00000000eb400000)
  to   space 1024K, 0% used [0x00000000eb400000,0x00000000eb400000,0x00000000eb500000)
 ParOldGen       total 136704K, used 133383K [0x00000000c0000000, 0x00000000c8580000, 0x00000000eab00000)
  object space 136704K, 97% used [0x00000000c0000000,0x00000000c8241f98,0x00000000c8580000)
 Metaspace       used 76321K, committed 77504K, reserved 1179648K
  class space    used 8197K, committed 8704K, reserved 1048576K
}
Event: 273.799 GC heap after
{Heap after GC invocations=86 (full 6):
 PSYoungGen      total 6144K, used 416K [0x00000000eab00000, 0x00000000eb480000, 0x0000000100000000)
  eden space 5632K, 0% used [0x00000000eab00000,0x00000000eab00000,0x00000000eb080000)
  from space 512K, 81% used [0x00000000eb400000,0x00000000eb468000,0x00000000eb480000)
  to   space 512K, 0% used [0x00000000eb380000,0x00000000eb380000,0x00000000eb400000)
 ParOldGen       total 136704K, used 133794K [0x00000000c0000000, 0x00000000c8580000, 0x00000000eab00000)
  object space 136704K, 97% used [0x00000000c0000000,0x00000000c82a88b8,0x00000000c8580000)
 Metaspace       used 76321K, committed 77504K, reserved 1179648K
  class space    used 8197K, committed 8704K, reserved 1048576K
}

